[     578ms] [LOG] buildSky @ http://localhost:8765/js/main.js?1779276054:65
[     592ms] [ERROR] Failed to load resource: the server responded with a status of 404 (File not found) @ http://localhost:8765/favicon.ico:0
[     670ms] [LOG] buildPaths @ http://localhost:8765/js/main.js?1779276054:70
[     809ms] [LOG] buildRiver @ http://localhost:8765/js/main.js?1779276054:73
[     828ms] [LOG] buildFence @ http://localhost:8765/js/main.js?1779276054:76
[     834ms] [LOG] buildLampposts @ http://localhost:8765/js/main.js?1779276054:79
[     889ms] [LOG] buildFoodStalls @ http://localhost:8765/js/main.js?1779276054:82
[     904ms] [LOG] buildVegetation @ http://localhost:8765/js/main.js?1779276054:85
[     948ms] [LOG] buildBenches @ http://localhost:8765/js/main.js?1779276054:88
[    1083ms] [LOG] hiding loader @ http://localhost:8765/js/main.js?1779276054:94
[ 1038567ms] [LOG] buildSky @ http://localhost:8765/js/main.js?1779276054:65
[ 1038656ms] [LOG] buildPaths @ http://localhost:8765/js/main.js?1779276054:70
[ 1038771ms] [LOG] buildRiver @ http://localhost:8765/js/main.js?1779276054:73
[ 1038780ms] [LOG] buildFence @ http://localhost:8765/js/main.js?1779276054:76
[ 1038784ms] [LOG] buildLampposts @ http://localhost:8765/js/main.js?1779276054:79
[ 1038848ms] [LOG] buildFoodStalls @ http://localhost:8765/js/main.js?1779276054:82
[ 1038861ms] [LOG] buildVegetation @ http://localhost:8765/js/main.js?1779276054:85
[ 1038889ms] [LOG] buildBenches @ http://localhost:8765/js/main.js?1779276054:88
[ 1038979ms] [LOG] hiding loader @ http://localhost:8765/js/main.js?1779276054:94
[ 1296144ms] [LOG] buildSky @ http://localhost:8765/js/main.js?1779276054:65
[ 1296228ms] [LOG] buildPaths @ http://localhost:8765/js/main.js?1779276054:70
[ 1296348ms] [LOG] buildRiver @ http://localhost:8765/js/main.js?1779276054:73
[ 1296358ms] [LOG] buildFence @ http://localhost:8765/js/main.js?1779276054:76
[ 1296361ms] [LOG] buildLampposts @ http://localhost:8765/js/main.js?1779276054:79
[ 1296428ms] [LOG] buildFoodStalls @ http://localhost:8765/js/main.js?1779276054:82
[ 1296441ms] [LOG] buildVegetation @ http://localhost:8765/js/main.js?1779276054:85
[ 1296468ms] [LOG] buildBenches @ http://localhost:8765/js/main.js?1779276054:88
[ 1296557ms] [LOG] hiding loader @ http://localhost:8765/js/main.js?1779276054:94
[ 1756470ms] [LOG] buildSky @ http://localhost:8765/js/main.js?1779276054:65
[ 1756564ms] [LOG] buildPaths @ http://localhost:8765/js/main.js?1779276054:70
[ 1756691ms] [LOG] buildRiver @ http://localhost:8765/js/main.js?1779276054:73
[ 1756699ms] [LOG] buildFence @ http://localhost:8765/js/main.js?1779276054:76
[ 1756704ms] [LOG] buildLampposts @ http://localhost:8765/js/main.js?1779276054:79
[ 1756757ms] [LOG] buildFoodStalls @ http://localhost:8765/js/main.js?1779276054:82
[ 1756772ms] [LOG] buildVegetation @ http://localhost:8765/js/main.js?1779276054:85
[ 1756799ms] [LOG] buildBenches @ http://localhost:8765/js/main.js?1779276054:88
[ 1756893ms] [LOG] hiding loader @ http://localhost:8765/js/main.js?1779276054:94
[ 1989854ms] [LOG] buildSky @ http://localhost:8765/js/main.js?1779276054:65
[ 1989926ms] [LOG] buildPaths @ http://localhost:8765/js/main.js?1779276054:70
[ 1990038ms] [LOG] buildRiver @ http://localhost:8765/js/main.js?1779276054:73
[ 1990047ms] [LOG] buildFence @ http://localhost:8765/js/main.js?1779276054:76
[ 1990051ms] [LOG] buildLampposts @ http://localhost:8765/js/main.js?1779276054:79
[ 1990096ms] [LOG] buildFoodStalls @ http://localhost:8765/js/main.js?1779276054:82
[ 1990108ms] [LOG] buildVegetation @ http://localhost:8765/js/main.js?1779276054:85
[ 1990133ms] [LOG] buildBenches @ http://localhost:8765/js/main.js?1779276054:88
[ 1990225ms] [LOG] hiding loader @ http://localhost:8765/js/main.js?1779276054:94
