[     514ms] [LOG] buildSky @ http://localhost:8765/js/main.js?1779276054:58
[     616ms] [LOG] buildPaths @ http://localhost:8765/js/main.js?1779276054:63
[     669ms] [ERROR] Failed to load resource: the server responded with a status of 404 (File not found) @ http://localhost:8765/favicon.ico:0
[     812ms] [LOG] buildFence @ http://localhost:8765/js/main.js?1779276054:66
[     817ms] [LOG] buildLampposts @ http://localhost:8765/js/main.js?1779276054:69
[     866ms] [LOG] buildFoodStalls @ http://localhost:8765/js/main.js?1779276054:72
[     883ms] [LOG] buildVegetation @ http://localhost:8765/js/main.js?1779276054:75
[     930ms] [LOG] buildBenches @ http://localhost:8765/js/main.js?1779276054:78
[    1035ms] [LOG] buildWater @ http://localhost:8765/js/main.js?1779276054:84
[    1037ms] [LOG] buildRocks @ http://localhost:8765/js/main.js?1779276054:88
[    1048ms] [LOG] hiding loader @ http://localhost:8765/js/main.js?1779276054:91
[ 1045384ms] [LOG] buildSky @ http://localhost:8765/js/main.js?1779276054:68
[ 1045477ms] [LOG] buildPaths @ http://localhost:8765/js/main.js?1779276054:73
[ 1045593ms] [LOG] buildFence @ http://localhost:8765/js/main.js?1779276054:76
[ 1045597ms] [LOG] buildLampposts @ http://localhost:8765/js/main.js?1779276054:79
[ 1045647ms] [LOG] buildFoodStalls @ http://localhost:8765/js/main.js?1779276054:82
[ 1045659ms] [LOG] buildVegetation @ http://localhost:8765/js/main.js?1779276054:85
[ 1045685ms] [LOG] buildBenches @ http://localhost:8765/js/main.js?1779276054:89
[ 1045773ms] [LOG] buildWater @ http://localhost:8765/js/main.js?1779276054:95
[ 1045775ms] [LOG] buildRocks @ http://localhost:8765/js/main.js?1779276054:99
[ 1045779ms] [LOG] hiding loader @ http://localhost:8765/js/main.js?1779276054:102
[ 1440953ms] [LOG] buildSky @ http://localhost:8765/js/main.js?1779276054:68
[ 1441040ms] [LOG] buildPaths @ http://localhost:8765/js/main.js?1779276054:73
[ 1441158ms] [LOG] buildFence @ http://localhost:8765/js/main.js?1779276054:76
[ 1441162ms] [LOG] buildLampposts @ http://localhost:8765/js/main.js?1779276054:79
[ 1441217ms] [LOG] buildFoodStalls @ http://localhost:8765/js/main.js?1779276054:82
[ 1441232ms] [LOG] buildVegetation @ http://localhost:8765/js/main.js?1779276054:85
[ 1441268ms] [LOG] buildBenches @ http://localhost:8765/js/main.js?1779276054:89
[ 1441354ms] [LOG] buildWater @ http://localhost:8765/js/main.js?1779276054:95
[ 1441356ms] [LOG] buildRocks @ http://localhost:8765/js/main.js?1779276054:99
[ 1441368ms] [LOG] hiding loader @ http://localhost:8765/js/main.js?1779276054:102
[ 1717306ms] [LOG] buildSky @ http://localhost:8765/js/main.js?1779276054:68
[ 1717379ms] [LOG] buildPaths @ http://localhost:8765/js/main.js?1779276054:73
[ 1717488ms] [LOG] buildFence @ http://localhost:8765/js/main.js?1779276054:76
[ 1717491ms] [LOG] buildLampposts @ http://localhost:8765/js/main.js?1779276054:79
[ 1717536ms] [LOG] buildFoodStalls @ http://localhost:8765/js/main.js?1779276054:82
[ 1717569ms] [LOG] buildVegetation @ http://localhost:8765/js/main.js?1779276054:85
[ 1717608ms] [LOG] buildBenches @ http://localhost:8765/js/main.js?1779276054:89
[ 1717696ms] [LOG] buildWater @ http://localhost:8765/js/main.js?1779276054:95
[ 1717698ms] [LOG] buildRocks @ http://localhost:8765/js/main.js?1779276054:99
[ 1717710ms] [LOG] hiding loader @ http://localhost:8765/js/main.js?1779276054:102
