[     593ms] [LOG] buildSky @ http://localhost:8765/js/main.js?1779276054:57
[     612ms] [ERROR] Failed to load resource: the server responded with a status of 404 (File not found) @ http://localhost:8765/favicon.ico:0
[    1071ms] [LOG] buildPaths @ http://localhost:8765/js/main.js?1779276054:62
[    1321ms] [LOG] buildFence @ http://localhost:8765/js/main.js?1779276054:65
[    1328ms] [LOG] buildLampposts @ http://localhost:8765/js/main.js?1779276054:68
[    1398ms] [LOG] buildFoodStalls @ http://localhost:8765/js/main.js?1779276054:71
[    1421ms] [LOG] buildVegetation @ http://localhost:8765/js/main.js?1779276054:74
[    1465ms] [LOG] buildBenches @ http://localhost:8765/js/main.js?1779276054:77
[    1601ms] [LOG] buildWater @ http://localhost:8765/js/main.js?1779276054:83
[    1641ms] [WARNING] THREE.GLTFLoader: Unknown extension "KHR_materials_pbrSpecularGlossiness". @ https://unpkg.com/three@0.170.0/examples/jsm/loaders/GLTFLoader.js:414
[    1643ms] [LOG] buildRocks @ http://localhost:8765/js/main.js?1779276054:87
[    1650ms] [LOG] hiding loader @ http://localhost:8765/js/main.js?1779276054:90
[  145469ms] [LOG] buildSky @ http://localhost:8765/js/main.js?1779276054:57
[  145559ms] [LOG] buildPaths @ http://localhost:8765/js/main.js?1779276054:62
[  145703ms] [LOG] buildFence @ http://localhost:8765/js/main.js?1779276054:65
[  145707ms] [LOG] buildLampposts @ http://localhost:8765/js/main.js?1779276054:68
[  145784ms] [LOG] buildFoodStalls @ http://localhost:8765/js/main.js?1779276054:71
[  145800ms] [LOG] buildVegetation @ http://localhost:8765/js/main.js?1779276054:74
[  145828ms] [LOG] buildBenches @ http://localhost:8765/js/main.js?1779276054:77
[  145934ms] [LOG] buildWater @ http://localhost:8765/js/main.js?1779276054:83
[  145962ms] [WARNING] THREE.GLTFLoader: Unknown extension "KHR_materials_pbrSpecularGlossiness". @ https://unpkg.com/three@0.170.0/examples/jsm/loaders/GLTFLoader.js:414
[  145964ms] [LOG] buildRocks @ http://localhost:8765/js/main.js?1779276054:87
[  145966ms] [LOG] hiding loader @ http://localhost:8765/js/main.js?1779276054:90
